INFO: [SIM 2] *************** CSIM start ***************
INFO: [SIM 4] CSIM will launch GCC as the compiler.
   Compiling ../../../../src/algo_unpacked_tb.cpp in debug mode
   Compiling ../../../../src/algo_unpacked.cpp in debug mode
   Compiling ../../../../src/TPG.cc in debug mode
   Generating csim.exe
shift 0 0 0 0
peak 0 0
shift 0 0 0 0
peak 0 0
shift 0 0 0 0
peak 0 0
shift 0 0 0 0
peak 0 0
shift 0 0 0 0
peak 0 0
shift 0 0 0 0
peak 0 0
shift 0 0 0 0
peak 0 0
shift 0 0 0 0
peak 0 0
shift 0 0 0 0
peak 0 0
shift 0 0 0 0
peak 0 0
shift 0 0 0 0
peak 0 0
shift 0 0 0 0
peak 0 0
shift 0 0 0 0
peak 0 0
shift 0 0 0 0
peak 0 0
shift 0 0 0 0
peak 0 0
shift 0 0 0 0
peak 0 0
shift 0 0 0 0
peak 0 0
shift 0 0 0 0
peak 0 0
shift 0 0 0 0
peak 0 0
shift 0 0 0 0
peak 0 0
shift 0 0 0 0
peak 0 0
shift 0 0 0 0
peak 0 0
shift 0 0 0 0
peak 0 0
shift 0 0 0 0
peak 0 0
shift 0 0 0 0
peak 0 0
shift 0 0 0 0
peak 0 0
shift 0 0 0 0
peak 0 0
shift 0 0 0 0
peak 0 0
shift 0 0 0 0
peak 0 0
shift 0 0 0 0
peak 0 0
shift 0 0 0 0
peak 0 0
shift 0 0 0 0
peak 0 0
shift 0 0 0 0
peak 0 0
shift 0 0 0 0
peak 0 0
shift 0 0 0 0
peak 0 0
shift 0 0 0 0
peak 0 0
shift 0 0 0 0
peak 0 0
shift 0 0 0 0
peak 0 0
shift 0 0 0 0
peak 0 0
shift 0 0 0 0
peak 0 0
shift 0 0 0 0
peak 0 0
shift 0 0 0 0
peak 0 0
shift 0 0 0 0
peak 0 0
shift 0 0 0 0
peak 0 0
shift 0 0 0 0
peak 0 0
shift 0 0 0 0
peak 0 0
shift 0 0 0 0
peak 0 0
shift 0 0 0 0
peak 0 0
shift 0 0 0 0
peak 0 0
shift 0 0 0 0
peak 0 0
shift 0 0 0 0
peak 0 0
shift 0 0 0 0
peak 0 0
shift 0 0 0 0
peak 0 0
shift 0 0 0 0
peak 0 0
shift 0 0 0 0
peak 0 0
shift 0 0 0 0
peak 0 0
shift 0 0 0 0
peak 0 0
shift 0 0 0 0
peak 0 0
shift 0 0 0 0
peak 0 0
shift 0 0 0 0
peak 0 0
shift 0 0 0 0
peak 0 0
shift 0 0 0 0
peak 0 0
shift 0 0 0 0
peak 0 0
shift 0 0 0 0
peak 0 0
shift 0 0 0 0
peak 0 0
shift 0 0 0 0
peak 0 0
shift 0 0 0 0
peak 0 0
shift 0 0 0 0
peak 0 0
shift 0 0 0 0
peak 0 0
shift 0 0 0 0
peak 0 0
shift 0 0 0 0
peak 0 0
shift 0 0 0 0
peak 0 0
shift 0 0 0 0
peak 0 0
shift 0 0 0 0
peak 0 0
shift 0 0 0 0
peak 0 0
shift 0 0 0 0
peak 0 0
shift 0 0 0 0
peak 0 0
shift 0 0 0 0
peak 0 0
shift 0 0 0 0
peak 0 0
shift 0 0 0 0
peak 0 0
shift 0 0 0 0
peak 0 0
shift 0 0 0 0
peak 0 0
shift 0 0 0 0
peak 0 0
shift 0 0 0 0
peak 0 0
shift 0 0 0 0
peak 0 0
shift 0 0 0 0
peak 0 0
shift 0 0 0 0
peak 0 0
shift 0 0 0 0
peak 0 0
shift 0 0 0 0
peak 0 0
shift 0 0 0 0
peak 0 0
shift 0 0 0 0
peak 0 0
shift 0 0 0 0
peak 0 0
shift 0 0 0 0
peak 0 0
shift 0 0 0 0
peak 0 0
shift 0 0 0 0
peak 0 0
shift 0 0 0 0
peak 0 0
shift 0 0 0 0
peak 0 0
shift 0 0 0 0
peak 0 0
shift 0 0 0 0
peak 0 0
shift 0 0 0 0
peak 0 0
shift 0 0 0 0
peak 0 0
shift 0 0 0 0
peak 0 0
shift 0 0 0 0
peak 0 0
shift 0 0 0 0
peak 0 0
shift 0 0 0 0
peak 0 0
shift 0 0 0 0
peak 0 0
shift 0 0 0 0
peak 0 0
shift 0 0 0 0
peak 0 0
shift 0 0 0 0
peak 0 0
shift 0 0 0 0
peak 0 0
shift 0 0 0 0
peak 0 0
shift 0 0 0 0
peak 0 0
shift 0 0 0 0
peak 0 0
shift 0 0 0 0
peak 0 0
shift 0 0 0 0
peak 0 0
shift 0 0 0 0
peak 0 0
shift 0 0 0 0
peak 0 0
shift 0 0 0 0
peak 0 0
shift 0 0 0 0
peak 0 0
shift 0 0 0 0
peak 0 0
shift 0 0 0 0
peak 0 0
shift 0 0 0 0
peak 0 0
shift 0 0 0 0
peak 0 0
shift 0 0 0 0
peak 0 0
shift 0 0 0 0
peak 0 0
shift 0 0 0 0
peak 0 0
shift 0 0 0 0
peak 0 0
shift 0 0 0 0
peak 0 0
shift 0 0 0 0
peak 0 0
shift 0 0 0 0
peak 0 0
shift 0 0 0 0
peak 0 0
shift 0 0 0 0
peak 0 0
shift 0 0 0 0
peak 0 0
shift 0 0 0 0
peak 0 0
shift 0 0 0 0
peak 0 0
shift 0 0 0 0
peak 0 0
shift 0 0 0 0
peak 0 0
shift 0 0 0 0
peak 0 0
shift 0 0 0 0
peak 0 0
shift 0 0 0 0
peak 0 0
shift 0 0 0 0
peak 0 0
shift 0 0 0 0
peak 0 0
shift 0 0 0 0
peak 0 0
shift 0 0 0 0
peak 0 0
shift 0 0 0 0
peak 0 0
shift 0 0 0 0
peak 0 0
shift 0 0 0 0
peak 0 0
shift 0 0 0 0
peak 0 0
shift 0 0 0 0
peak 0 0
shift 0 0 0 0
peak 0 0
shift 0 0 0 0
peak 0 0
shift 0 0 0 0
peak 0 0
shift 0 0 0 0
peak 0 0
shift 0 0 0 0
peak 0 0
shift 0 0 0 0
peak 0 0
shift 0 0 0 0
peak 0 0
shift 0 0 0 0
peak 0 0
shift 0 0 0 0
peak 0 0
shift 0 0 0 0
peak 0 0
shift 0 0 0 0
peak 0 0
shift 0 0 0 0
peak 0 0
shift 0 0 0 0
peak 0 0
shift 0 0 0 0
peak 0 0
shift 0 0 0 0
peak 0 0
shift 0 0 0 0
peak 0 0
shift 0 0 0 0
peak 0 0
shift 0 0 0 0
peak 0 0
shift 0 0 0 0
peak 0 0
shift 0 0 0 0
peak 0 0
shift 0 0 0 0
peak 0 0
shift 0 0 0 0
peak 0 0
shift 0 0 0 0
peak 0 0
shift 0 0 0 0
peak 0 0
shift 0 0 0 0
peak 0 0
shift 0 0 0 0
peak 0 0
shift 0 0 0 0
peak 0 0
shift 0 0 0 0
peak 0 0
shift 0 0 0 0
peak 0 0
shift 0 0 0 0
peak 0 0
shift 0 0 0 0
peak 0 0
shift 0 0 0 0
peak 0 0
shift 0 0 0 0
peak 0 0
shift 0 0 0 0
peak 0 0
shift 0 0 0 0
peak 0 0
shift 0 0 0 0
peak 0 0
shift 0 0 0 0
peak 0 0
shift 0 0 0 0
peak 0 0
shift 0 0 0 0
peak 0 0
shift 0 0 0 0
peak 0 0
shift 0 0 0 0
peak 0 0
shift 0 0 0 0
peak 0 0
shift 0 0 0 0
peak 0 0
shift 0 0 0 0
peak 0 0
shift 0 0 0 0
peak 0 0
shift 0 0 0 0
peak 0 0
shift 0 0 0 0
peak 0 0
shift 0 0 0 0
peak 0 0
shift 0 0 0 0
peak 0 0
shift 0 0 0 0
peak 0 0
shift 0 0 0 0
peak 0 0
shift 0 0 0 0
peak 0 0
shift 0 0 0 0
peak 0 0
shift 0 0 0 0
peak 0 0
shift 0 0 0 0
peak 0 0
shift 0 0 0 0
peak 0 0
shift 0 0 0 0
peak 0 0
shift 0 0 0 0
peak 0 0
shift 0 0 0 0
peak 0 0
shift 0 0 0 0
peak 0 0
shift 0 0 0 0
peak 0 0
shift 0 0 0 0
peak 0 0
shift 0 0 0 0
peak 0 0
shift 0 0 0 0
peak 0 0
shift 0 0 0 0
peak 0 0
shift 0 0 0 0
peak 0 0
shift 0 0 0 0
peak 0 0
shift 0 0 0 0
peak 0 0
shift 0 0 0 0
peak 0 0
shift 0 0 0 0
peak 0 0
shift 0 0 0 0
peak 0 0
shift 0 0 0 0
peak 0 0
shift 0 0 0 0
peak 0 0
shift 0 0 0 0
peak 0 0
shift 0 0 0 0
peak 0 0
shift 0 0 0 0
peak 0 0
shift 0 0 0 0
peak 0 0
shift 0 0 0 0
peak 0 0
shift 0 0 0 0
peak 0 0
shift 0 0 0 0
peak 0 0
shift 0 0 0 0
peak 0 0
shift 0 0 0 0
peak 0 0
shift 0 0 0 0
peak 0 0
shift 0 0 0 0
peak 0 0
shift 0 0 0 0
peak 0 0
shift 0 0 0 0
peak 0 0
shift 0 0 0 0
peak 0 0
shift 0 0 0 0
peak 0 0
shift 0 0 0 0
peak 0 0
shift 0 0 0 0
peak 0 0
shift 0 0 0 0
peak 0 0
shift 0 0 0 0
peak 0 0
shift 0 0 0 0
peak 0 0
shift 0 0 0 0
peak 0 0
shift 0 0 0 0
peak 0 0
shift 0 0 0 0
peak 0 0
shift 0 0 0 0
peak 0 0
shift 0 0 0 0
peak 0 0
shift 0 0 0 0
peak 0 0
shift 0 0 0 0
peak 0 0
shift 0 0 0 0
peak 0 0
shift 0 0 0 0
peak 0 0
shift 0 0 0 0
peak 0 0
shift 0 0 0 0
peak 0 0
shift 0 0 0 0
peak 0 0
shift 0 0 0 0
peak 0 0
shift 0 0 0 0
peak 0 0
shift 0 0 0 0
peak 0 0
shift 0 0 0 0
peak 0 0
shift 0 0 0 0
peak 0 0
shift 0 0 0 0
peak 0 0
shift 0 0 0 0
peak 0 0
shift 0 0 0 0
peak 0 0
shift 0 0 0 0
peak 0 0
shift 0 0 0 0
peak 0 0
shift 0 0 0 0
peak 0 0
shift 0 0 0 0
peak 0 0
shift 0 0 0 0
peak 0 0
shift 0 0 0 0
peak 0 0
shift 0 0 0 0
peak 0 0
shift 0 0 0 0
peak 0 0
shift 0 0 0 0
peak 0 0
shift 0 0 0 0
peak 0 0
shift 0 0 0 0
peak 0 0
shift 0 0 0 0
peak 0 0
shift 0 0 0 0
peak 0 0
shift 0 0 0 0
peak 0 0
shift 0 0 0 0
peak 0 0
shift 0 0 0 0
peak 0 0
shift 0 0 0 0
peak 0 0
shift 0 0 0 0
peak 0 0
shift 0 0 0 0
peak 0 0
shift 0 0 0 0
peak 0 0
shift 0 0 0 0
peak 0 0
shift 0 0 0 0
peak 0 0
shift 0 0 0 0
peak 0 0
shift 0 0 0 0
peak 0 0
shift 0 0 0 0
peak 0 0
shift 0 0 0 0
peak 0 0
shift 0 0 0 0
peak 0 0
shift 0 0 0 0
peak 0 0
shift 0 0 0 0
peak 0 0
shift 0 0 0 0
peak 0 0
shift 0 0 0 0
peak 0 0
shift 0 0 0 0
peak 0 0
shift 0 0 0 0
peak 0 0
shift 0 0 0 0
peak 0 0
shift 0 0 0 0
peak 0 0
shift 0 0 0 0
peak 0 0
shift 0 0 0 0
peak 0 0
shift 0 0 0 0
peak 0 0
shift 0 0 0 0
peak 0 0
shift 0 0 0 0
peak 0 0
shift 0 0 0 0
peak 0 0
shift 0 0 0 0
peak 0 0
shift 0 0 0 0
peak 0 0
shift 0 0 0 0
peak 0 0
shift 0 0 0 0
peak 0 0
shift 0 0 0 0
peak 0 0
shift 0 0 0 0
peak 0 0
shift 0 0 0 0
peak 0 0
shift 0 0 0 0
peak 0 0
shift 0 0 0 0
peak 0 0
shift 0 0 0 0
peak 0 0
shift 0 0 0 0
peak 0 0
shift 0 0 0 0
peak 0 0
shift 0 0 0 0
peak 0 0
shift 0 0 0 0
peak 0 0
shift 0 0 0 0
peak 0 0
shift 0 0 0 0
peak 0 0
shift 0 0 0 0
peak 0 0
shift 0 0 0 0
peak 0 0
shift 0 0 0 0
peak 0 0
shift 0 0 0 0
peak 0 0
shift 0 0 0 0
peak 0 0
shift 0 0 0 0
peak 0 0
shift 0 0 0 0
peak 0 0
shift 0 0 0 0
peak 0 0
shift 0 0 0 0
peak 0 0
shift 0 0 0 0
peak 0 0
shift 0 0 0 0
peak 0 0
shift 0 0 0 0
peak 0 0
shift 0 0 0 0
peak 0 0
shift 0 0 0 0
peak 0 0
shift 0 0 0 0
peak 0 0
shift 0 0 0 0
peak 0 0
shift 0 0 0 0
peak 0 0
4,6c4,6
< 0x0000   0x0000000000000000    0x0000000000000000    0x0000000000000000    0x0000000000000000    0x0000000000000000    0x0000000000000000    0x0000000000000000    0x0000000000000000    0x0000000000000000    0x0000000000000000    0x0000000000000000    0x0000000000000000    0x0000000000000000    0x0000000000000000    0x0000000000000000    0x0000000000000000    0x0000000000000000    0x0000000000000000    0x0000000000000000    0x0000000000000000    0x0000000000000000    0x0000000000000000    0x0000000000000000    0x0000000000000000    0x0000000000000000    0x0000000000000000    0x0000000000000000    0x0000000000000000    0x0000000000000000    0x0000000000000000    0x0000000000000000    0x0000000000000000    0x0000000000000000    0x0000000000000000    0x0000000000000000    0x0000000000000000    0x0000000000000000    0x0000000000000000    0x0000000000000000    0x0000000000000000    0x0000000000000000    0x0000000000000000    0x0000000000000000    0x0000000000000000    0x0000000000000000    0x0000000000000000    0x0000000000000000    0x0000000000000000    
< 0x0001   0x0000000000000000    0x0000000000000000    0x0000000000000000    0x0000000000000000    0x0000000000000000    0x0000000000000000    0x0000000000000000    0x0000000000000000    0x0000000000000000    0x0000000000000000    0x0000000000000000    0x0000000000000000    0x0000000000000000    0x0000000000000000    0x0000000000000000    0x0000000000000000    0x0000000000000000    0x0000000000000000    0x0000000000000000    0x0000000000000000    0x0000000000000000    0x0000000000000000    0x0000000000000000    0x0000000000000000    0x0000000000000000    0x0000000000000000    0x0000000000000000    0x0000000000000000    0x0000000000000000    0x0000000000000000    0x0000000000000000    0x0000000000000000    0x0000000000000000    0x0000000000000000    0x0000000000000000    0x0000000000000000    0x0000000000000000    0x0000000000000000    0x0000000000000000    0x0000000000000000    0x0000000000000000    0x0000000000000000    0x0000000000000000    0x0000000000000000    0x0000000000000000    0x0000000000000000    0x0000000000000000    0x0000000000000000    
< 0x0002   0x0000000000000000    0x0000000000000000    0x0000000000000000    0x0000000000000000    0x0000000000000000    0x0000000000000000    0x0000000000000000    0x0000000000000000    0x0000000000000000    0x0000000000000000    0x0000000000000000    0x0000000000000000    0x0000000000000000    0x0000000000000000    0x0000000000000000    0x0000000000000000    0x0000000000000000    0x0000000000000000    0x0000000000000000    0x0000000000000000    0x0000000000000000    0x0000000000000000    0x0000000000000000    0x0000000000000000    0x0000000000000000    0x0000000000000000    0x0000000000000000    0x0000000000000000    0x0000000000000000    0x0000000000000000    0x0000000000000000    0x0000000000000000    0x0000000000000000    0x0000000000000000    0x0000000000000000    0x0000000000000000    0x0000000000000000    0x0000000000000000    0x0000000000000000    0x0000000000000000    0x0000000000000000    0x0000000000000000    0x0000000000000000    0x0000000000000000    0x0000000000000000    0x0000000000000000    0x0000000000000000    0x0000000000000000    
---
> 0x0000   0x0000000000000200    0x0000000000000000    0x0000000000000000    0x0000000000000000    0x0000000000000000    0x0000000000000000    0x0000000000000000    0x0000000000000000    0x0000000000000000    0x0000000000000000    0x0000000000000000    0x0000000000000000    0x0000000000000000    0x0000000000000000    0x0000000000000000    0x0000000000000000    0x0000000000000000    0x0000000000000000    0x0000000000000000    0x0000000000000000    0x0000000000000000    0x0000000000000000    0x0000000000000000    0x0000000000000000    0x0000000000000000    0x0000000000000000    0x0000000000000000    0x0000000000000000    0x0000000000000000    0x0000000000000000    0x0000000000000000    0x0000000000000000    0x0000000000000000    0x0000000000000000    0x0000000000000000    0x0000000000000000    0x0000000000000000    0x0000000000000000    0x0000000000000000    0x0000000000000000    0x0000000000000000    0x0000000000000000    0x0000000000000000    0x0000000000000000    0x0000000000000000    0x0000000000000000    0x0000000000000000    0x0000000000000000    
> 0x0001   0x0000000000000002    0x0000005220000000    0x0000000000000000    0x0000000000000030    0x0000000000000000    0x0000000000000000    0x0000000000000000    0x0000000000000000    0x0000000000000000    0x0000000000000000    0x0000000000000000    0x0000000000000000    0x0000000000000000    0x0000000000000000    0x0000000000000000    0x0000000000000000    0x0000000000000000    0x0000000000000000    0x0000000000000000    0x0000000000000000    0x0000000000000000    0x0000000000000000    0x0000000000000000    0x0000000000000000    0x0000000000000000    0x0000000000000000    0x0000000000000000    0x0000000000000000    0x0000000000000000    0x0000000000000000    0x0000000000000000    0x0000000000000000    0x0000000000000000    0x0000000000000000    0x0000000000000000    0x0000000000000000    0x0000000000000000    0x0000000000000000    0x0000000000000000    0x0000000000000000    0x0000000000000000    0x0000000000000000    0x0000000000000000    0x0000000000000000    0x0000000000000000    0x0000000000000000    0x0000000000000000    0x0000000000000000    
> 0x0002   0x0000000000000003    0x0000000000000000    0x0000000000000000    0x0000000000000040    0x0000000000000000    0x0000000000000000    0x0000000000000000    0x0000000000000000    0x0000000000000000    0x0000000000000000    0x0000000000000000    0x0000000000000000    0x0000000000000000    0x0000000000000000    0x0000000000000000    0x0000000000000000    0x0000000000000000    0x0000000000000000    0x0000000000000000    0x0000000000000000    0x0000000000000000    0x0000000000000000    0x0000000000000000    0x0000000000000000    0x0000000000000000    0x0000000000000000    0x0000000000000000    0x0000000000000000    0x0000000000000000    0x0000000000000000    0x0000000000000000    0x0000000000000000    0x0000000000000000    0x0000000000000000    0x0000000000000000    0x0000000000000000    0x0000000000000000    0x0000000000000000    0x0000000000000000    0x0000000000000000    0x0000000000000000    0x0000000000000000    0x0000000000000000    0x0000000000000000    0x0000000000000000    0x0000000000000000    0x0000000000000000    0x0000000000000000    
8,9c8,9
< 0x0004   0x0000000000000000    0x0000000000000000    0x0000000000000000    0x0000000000000000    0x0000000000000000    0x0000000000000000    0x0000000000000000    0x0000000000000000    0x0000000000000000    0x0000000000000000    0x0000000000000000    0x0000000000000000    0x0000000000000000    0x0000000000000000    0x0000000000000000    0x0000000000000000    0x0000000000000000    0x0000000000000000    0x0000000000000000    0x0000000000000000    0x0000000000000000    0x0000000000000000    0x0000000000000000    0x0000000000000000    0x0000000000000000    0x0000000000000000    0x0000000000000000    0x0000000000000000    0x0000000000000000    0x0000000000000000    0x0000000000000000    0x0000000000000000    0x0000000000000000    0x0000000000000000    0x0000000000000000    0x0000000000000000    0x0000000000000000    0x0000000000000000    0x0000000000000000    0x0000000000000000    0x0000000000000000    0x0000000000000000    0x0000000000000000    0x0000000000000000    0x0000000000000000    0x0000000000000000    0x0000000000000000    0x0000000000000000    
< 0x0005   0x0000000000000000    0x0000000000000000    0x0000000000000000    0x0000000000000000    0x0000000000000000    0x0000000000000000    0x0000000000000000    0x0000000000000000    0x0000000000000000    0x0000000000000000    0x0000000000000000    0x0000000000000000    0x0000000000000000    0x0000000000000000    0x0000000000000000    0x0000000000000000    0x0000000000000000    0x0000000000000000    0x0000000000000000    0x0000000000000000    0x0000000000000000    0x0000000000000000    0x0000000000000000    0x0000000000000000    0x0000000000000000    0x0000000000000000    0x0000000000000000    0x0000000000000000    0x0000000000000000    0x0000000000000000    0x0000000000000000    0x0000000000000000    0x0000000000000000    0x0000000000000000    0x0000000000000000    0x0000000000000000    0x0000000000000000    0x0000000000000000    0x0000000000000000    0x0000000000000000    0x0000000000000000    0x0000000000000000    0x0000000000000000    0x0000000000000000    0x0000000000000000    0x0000000000000000    0x0000000000000000    0x0000000000000000    
---
> 0x0004   0x0000000000000005    0x0000000000500000    0x0000000000000000    0x00000fffff000060    0x0000000000000000    0x0000000000000000    0x0000000000000000    0x0000000000000000    0x0000000000000000    0x0000000000000000    0x0000000000000000    0x0000000000000000    0x0000000000000000    0x0000000000000000    0x0000000000000000    0x0000000000000000    0x0000000000000000    0x0000000000000000    0x0000000000000000    0x0000000000000000    0x0000000000000000    0x0000000000000000    0x0000000000000000    0x0000000000000000    0x0000000000000000    0x0000000000000000    0x0000000000000000    0x0000000000000000    0x0000000000000000    0x0000000000000000    0x0000000000000000    0x0000000000000000    0x0000000000000000    0x0000000000000000    0x0000000000000000    0x0000000000000000    0x0000000000000000    0x0000000000000000    0x0000000000000000    0x0000000000000000    0x0000000000000000    0x0000000000000000    0x0000000000000000    0x0000000000000000    0x0000000000000000    0x0000000000000000    0x0000000000000000    0x0000000000000000    
> 0x0005   0x0000000000000006    0x0000000000000000    0x0000000000000000    0x0000000000000070    0x00000fffff000000    0x0000000000000000    0x0000000000000000    0x0000000000000000    0x0000000000000000    0x0000000000000000    0x0000000000000000    0x0000000000000000    0x0000000000000000    0x0000000000000000    0x0000000000000000    0x0000000000000000    0x0000000000000000    0x0000000000000000    0x0000000000000000    0x0000000000000000    0x0000000000000000    0x0000000000000000    0x0000000000000000    0x0000000000000000    0x0000000000000000    0x0000000000000000    0x0000000000000000    0x0000000000000000    0x0000000000000000    0x0000000000000000    0x0000000000000000    0x0000000000000000    0x0000000000000000    0x0000000000000000    0x0000000000000000    0x0000000000000000    0x0000000000000000    0x0000000000000000    0x0000000000000000    0x0000000000000000    0x0000000000000000    0x0000000000000000    0x0000000000000000    0x0000000000000000    0x0000000000000000    0x0000000000000000    0x0000000000000000    0x0000000000000000    
11,12c11,12
< 0x0007   0x0000000000000000    0x0000000000000000    0x0000000000000000    0x0000000000000000    0x0000000000000000    0x0000000000000000    0x0000000000000000    0x0000000000000000    0x0000000000000000    0x0000000000000000    0x0000000000000000    0x0000000000000000    0x0000000000000000    0x0000000000000000    0x0000000000000000    0x0000000000000000    0x0000000000000000    0x0000000000000000    0x0000000000000000    0x0000000000000000    0x0000000000000000    0x0000000000000000    0x0000000000000000    0x0000000000000000    0x0000000000000000    0x0000000000000000    0x0000000000000000    0x0000000000000000    0x0000000000000000    0x0000000000000000    0x0000000000000000    0x0000000000000000    0x0000000000000000    0x0000000000000000    0x0000000000000000    0x0000000000000000    0x0000000000000000    0x0000000000000000    0x0000000000000000    0x0000000000000000    0x0000000000000000    0x0000000000000000    0x0000000000000000    0x0000000000000000    0x0000000000000000    0x0000000000000000    0x0000000000000000    0x0000000000000000    
< 0x0008   0x0000000000000000    0x0000000000000000    0x0000000000000000    0x0000000000000000    0x0000000000000000    0x0000000000000000    0x0000000000000000    0x0000000000000000    0x0000000000000000    0x0000000000000000    0x0000000000000000    0x0000000000000000    0x0000000000000000    0x0000000000000000    0x0000000000000000    0x0000000000000000    0x0000000000000000    0x0000000000000000    0x0000000000000000    0x0000000000000000    0x0000000000000000    0x0000000000000000    0x0000000000000000    0x0000000000000000    0x0000000000000000    0x0000000000000000    0x0000000000000000    0x0000000000000000    0x0000000000000000    0x0000000000000000    0x0000000000000000    0x0000000000000000    0x0000000000000000    0x0000000000000000    0x0000000000000000    0x0000000000000000    0x0000000000000000    0x0000000000000000    0x0000000000000000    0x0000000000000000    0x0000000000000000    0x0000000000000000    0x0000000000000000    0x0000000000000000    0x0000000000000000    0x0000000000000000    0x0000000000000000    0x0000000000000000    
---
> 0x0007   0x0000000000000008    0x00000fffff000000    0x00000fffff000000    0x0000000000000090    0x0000000000000000    0x0000000000000000    0x0000000000000000    0x0000000000000000    0x0000000000000000    0x0000000000000000    0x0000000000000000    0x0000000000000000    0x0000000000000000    0x0000000000000000    0x0000000000000000    0x0000000000000000    0x0000000000000000    0x0000000000000000    0x0000000000000000    0x0000000000000000    0x0000000000000000    0x0000000000000000    0x0000000000000000    0x0000000000000000    0x0000000000000000    0x0000000000000000    0x0000000000000000    0x0000000000000000    0x0000000000000000    0x0000000000000000    0x0000000000000000    0x0000000000000000    0x0000000000000000    0x0000000000000000    0x0000000000000000    0x0000000000000000    0x0000000000000000    0x0000000000000000    0x0000000000000000    0x0000000000000000    0x0000000000000000    0x0000000000000000    0x0000000000000000    0x0000000000000000    0x0000000000000000    0x0000000000000000    0x0000000000000000    0x0000000000000000    
> 0x0008   0x0000000000000009    0x0000000000000000    0x0000000000000000    0x0000000000000000    0x0000000000000000    0x0000000000000000    0x0000000000000000    0x0000000000000000    0x0000000000000000    0x0000000000000000    0x0000000000000000    0x0000000000000000    0x0000000000000000    0x0000000000000000    0x0000000000000000    0x0000000000000000    0x0000000000000000    0x0000000000000000    0x0000000000000000    0x0000000000000000    0x0000000000000000    0x0000000000000000    0x0000000000000000    0x0000000000000000    0x0000000000000000    0x0000000000000000    0x0000000000000000    0x0000000000000000    0x0000000000000000    0x0000000000000000    0x0000000000000000    0x0000000000000000    0x0000000000000000    0x0000000000000000    0x0000000000000000    0x0000000000000000    0x0000000000000000    0x0000000000000000    0x0000000000000000    0x0000000000000000    0x0000000000000000    0x0000000000000000    0x0000000000000000    0x0000000000000000    0x0000000000000000    0x0000000000000000    0x0000000000000000    0x0000000000000000    
14,15c14,15
< 0x000a   0x0000000000000000    0x0000000000000000    0x0000000000000000    0x0000000000000000    0x0000000000000000    0x0000000000000000    0x0000000000000000    0x0000000000000000    0x0000000000000000    0x0000000000000000    0x0000000000000000    0x0000000000000000    0x0000000000000000    0x0000000000000000    0x0000000000000000    0x0000000000000000    0x0000000000000000    0x0000000000000000    0x0000000000000000    0x0000000000000000    0x0000000000000000    0x0000000000000000    0x0000000000000000    0x0000000000000000    0x0000000000000000    0x0000000000000000    0x0000000000000000    0x0000000000000000    0x0000000000000000    0x0000000000000000    0x0000000000000000    0x0000000000000000    0x0000000000000000    0x0000000000000000    0x0000000000000000    0x0000000000000000    0x0000000000000000    0x0000000000000000    0x0000000000000000    0x0000000000000000    0x0000000000000000    0x0000000000000000    0x0000000000000000    0x0000000000000000    0x0000000000000000    0x0000000000000000    0x0000000000000000    0x0000000000000000    
< 0x000b   0x0000000000000000    0x0000000000000000    0x0000000000000000    0x0000000000000000    0x0000000000000000    0x0000000000000000    0x0000000000000000    0x0000000000000000    0x0000000000000000    0x0000000000000000    0x0000000000000000    0x0000000000000000    0x0000000000000000    0x0000000000000000    0x0000000000000000    0x0000000000000000    0x0000000000000000    0x0000000000000000    0x0000000000000000    0x0000000000000000    0x0000000000000000    0x0000000000000000    0x0000000000000000    0x0000000000000000    0x0000000000000000    0x0000000000000000    0x0000000000000000    0x0000000000000000    0x0000000000000000    0x0000000000000000    0x0000000000000000    0x0000000000000000    0x0000000000000000    0x0000000000000000    0x0000000000000000    0x0000000000000000    0x0000000000000000    0x0000000000000000    0x0000000000000000    0x0000000000000000    0x0000000000000000    0x0000000000000000    0x0000000000000000    0x0000000000000000    0x0000000000000000    0x0000000000000000    0x0000000000000000    0x0000000000000000    
---
> 0x000a   0x000000000000000b    0x0000000000000000    0x0000000000000000    0x0000000000000000    0x0000000000000000    0x0000000000000000    0x0000000000000000    0x0000000000000000    0x0000000000000000    0x0000000000000000    0x0000000000000000    0x0000000000000000    0x0000000000000000    0x0000000000000000    0x0000000000000000    0x0000000000000000    0x0000000000000000    0x0000000000000000    0x0000000000000000    0x0000000000000000    0x0000000000000000    0x0000000000000000    0x0000000000000000    0x0000000000000000    0x0000000000000000    0x0000000000000000    0x0000000000000000    0x0000000000000000    0x0000000000000000    0x0000000000000000    0x0000000000000000    0x0000000000000000    0x0000000000000000    0x0000000000000000    0x0000000000000000    0x0000000000000000    0x0000000000000000    0x0000000000000000    0x0000000000000000    0x0000000000000000    0x0000000000000000    0x0000000000000000    0x0000000000000000    0x0000000000000000    0x0000000000000000    0x0000000000000000    0x0000000000000000    0x0000000000000000    
> 0x000b   0x002300000000000c    0x0000000022000000    0x0000000000000000    0x0000000000000000    0x0000000000000000    0x0000000000000000    0x0000000000000000    0x0000000000000000    0x0000000000000000    0x0000000000000000    0x0000000000000000    0x0000000000000000    0x0000000000000000    0x0000000000000000    0x0000000000000000    0x0000000000000000    0x0000000000000000    0x0000000000000000    0x0000000000000000    0x0000000000000000    0x0000000000000000    0x0000000000000000    0x0000000000000000    0x0000000000000000    0x0000000000000000    0x0000000000000000    0x0000000000000000    0x0000000000000000    0x0000000000000000    0x0000000000000000    0x0000000000000000    0x0000000000000000    0x0000000000000000    0x0000000000000000    0x0000000000000000    0x0000000000000000    0x0000000000000000    0x0000000000000000    0x0000000000000000    0x0000000000000000    0x0000000000000000    0x0000000000000000    0x0000000000000000    0x0000000000000000    0x0000000000000000    0x0000000000000000    0x0000000000000000    0x0000000000000000    
17c17
< 0x000d   0x0000000000000000    0x0000000000000000    0x0000000000000000    0x0000000000000000    0x0000000000000000    0x0000000000000000    0x0000000000000000    0x0000000000000000    0x0000000000000000    0x0000000000000000    0x0000000000000000    0x0000000000000000    0x0000000000000000    0x0000000000000000    0x0000000000000000    0x0000000000000000    0x0000000000000000    0x0000000000000000    0x0000000000000000    0x0000000000000000    0x0000000000000000    0x0000000000000000    0x0000000000000000    0x0000000000000000    0x0000000000000000    0x0000000000000000    0x0000000000000000    0x0000000000000000    0x0000000000000000    0x0000000000000000    0x0000000000000000    0x0000000000000000    0x0000000000000000    0x0000000000000000    0x0000000000000000    0x0000000000000000    0x0000000000000000    0x0000000000000000    0x0000000000000000    0x0000000000000000    0x0000000000000000    0x0000000000000000    0x0000000000000000    0x0000000000000000    0x0000000000000000    0x0000000000000000    0x0000000000000000    0x0000000000000000    
---
> 0x000d   0x0000000000000000    0x0000000000000000    0x0000000000000000    0x0000000000000000    0x0000000000000000    0x00000fffff000000    0x0000000000000000    0x0000000000000000    0x0000000000000000    0x0000000000000000    0x0000000000000000    0x0000000000000000    0x0000000000000000    0x0000000000000000    0x0000000000000000    0x0000000000000000    0x0000000000000000    0x0000000000000000    0x0000000000000000    0x0000000000000000    0x0000000000000000    0x0000000000000000    0x0000000000000000    0x0000000000000000    0x0000000000000000    0x0000000000000000    0x0000000000000000    0x0000000000000000    0x0000000000000000    0x0000000000000000    0x0000000000000000    0x0000000000000000    0x0000000000000000    0x0000000000000000    0x0000000000000000    0x0000000000000000    0x0000000000000000    0x0000000000000000    0x0000000000000000    0x0000000000000000    0x0000000000000000    0x0000000000000000    0x0000000000000000    0x0000000000000000    0x0000000000000000    0x0000000000000000    0x0000000000000000    0x0000000000000000    
20,22c20,22
< 0x0010   0x0000000000000000    0x0000000000000000    0x0000000000000000    0x0000000000000000    0x0000000000000000    0x0000000000000000    0x0000000000000000    0x0000000000000000    0x0000000000000000    0x0000000000000000    0x0000000000000000    0x0000000000000000    0x0000000000000000    0x0000000000000000    0x0000000000000000    0x0000000000000000    0x0000000000000000    0x0000000000000000    0x0000000000000000    0x0000000000000000    0x0000000000000000    0x0000000000000000    0x0000000000000000    0x0000000000000000    0x0000000000000000    0x0000000000000000    0x0000000000000000    0x0000000000000000    0x0000000000000000    0x0000000000000000    0x0000000000000000    0x0000000000000000    0x0000000000000000    0x0000000000000000    0x0000000000000000    0x0000000000000000    0x0000000000000000    0x0000000000000000    0x0000000000000000    0x0000000000000000    0x0000000000000000    0x0000000000000000    0x0000000000000000    0x0000000000000000    0x0000000000000000    0x0000000000000000    0x0000000000000000    0x0000000000000000    
< 0x0011   0x0000000000000000    0x0000000000000000    0x0000000000000000    0x0000000000000000    0x0000000000000000    0x0000000000000000    0x0000000000000000    0x0000000000000000    0x0000000000000000    0x0000000000000000    0x0000000000000000    0x0000000000000000    0x0000000000000000    0x0000000000000000    0x0000000000000000    0x0000000000000000    0x0000000000000000    0x0000000000000000    0x0000000000000000    0x0000000000000000    0x0000000000000000    0x0000000000000000    0x0000000000000000    0x0000000000000000    0x0000000000000000    0x0000000000000000    0x0000000000000000    0x0000000000000000    0x0000000000000000    0x0000000000000000    0x0000000000000000    0x0000000000000000    0x0000000000000000    0x0000000000000000    0x0000000000000000    0x0000000000000000    0x0000000000000000    0x0000000000000000    0x0000000000000000    0x0000000000000000    0x0000000000000000    0x0000000000000000    0x0000000000000000    0x0000000000000000    0x0000000000000000    0x0000000000000000    0x0000000000000000    0x0000000000000000    
< 0x0012   0x0000000000000000    0x0000000000000000    0x0000000000000000    0x0000000000000000    0x0000000000000000    0x0000000000000000    0x0000000000000000    0x0000000000000000    0x0000000000000000    0x0000000000000000    0x0000000000000000    0x0000000000000000    0x0000000000000000    0x0000000000000000    0x0000000000000000    0x0000000000000000    0x0000000000000000    0x0000000000000000    0x0000000000000000    0x0000000000000000    0x0000000000000000    0x0000000000000000    0x0000000000000000    0x0000000000000000    0x0000000000000000    0x0000000000000000    0x0000000000000000    0x0000000000000000    0x0000000000000000    0x0000000000000000    0x0000000000000000    0x0000000000000000    0x0000000000000000    0x0000000000000000    0x0000000000000000    0x0000000000000000    0x0000000000000000    0x0000000000000000    0x0000000000000000    0x0000000000000000    0x0000000000000000    0x0000000000000000    0x0000000000000000    0x0000000000000000    0x0000000000000000    0x0000000000000000    0x0000000000000000    0x0000000000000000    
---
> 0x0010   0x0000000000000000    0x0000000000000000    0x0000000000000000    0x0000000000000050    0x0000000000000000    0x0000000000000000    0x0000000000000000    0x0000000000000000    0x0000000000000000    0x0000000000000000    0x0000000000000000    0x0000000000000000    0x0000000000000000    0x0000000000000000    0x0000000000000000    0x0000000000000000    0x0000000000000000    0x0000000000000000    0x0000000000000000    0x0000000000000000    0x0000000000000000    0x0000000000000000    0x0000000000000000    0x0000000000000000    0x0000000000000000    0x0000000000000000    0x0000000000000000    0x0000000000000000    0x0000000000000000    0x0000000000000000    0x0000000000000000    0x0000000000000000    0x0000000000000000    0x0000000000000000    0x0000000000000000    0x0000000000000000    0x0000000000000000    0x0000000000000000    0x0000000000000000    0x0000000000000000    0x0000000000000000    0x0000000000000000    0x0000000000000000    0x0000000000000000    0x0000000000000000    0x0000000000000000    0x0000000000000000    0x0000000000000000    
> 0x0011   0x0000000000000000    0x0000000000000000    0x0000000000000000    0x0000000000000020    0x0000000000000000    0x0000000000000000    0x0000000000000000    0x0000000000000000    0x0000000000000000    0x0000000000000000    0x0000000000000000    0x0000000000000000    0x0000000000000000    0x0000000000000000    0x0000000000000000    0x0000000000000000    0x0000000000000000    0x0000000000000000    0x0000000000000000    0x0000000000000000    0x0000000000000000    0x0000000000000000    0x0000000000000000    0x0000000000000000    0x0000000000000000    0x0000000000000000    0x0000000000000000    0x0000000000000000    0x0000000000000000    0x0000000000000000    0x0000000000000000    0x0000000000000000    0x0000000000000000    0x0000000000000000    0x0000000000000000    0x0000000000000000    0x0000000000000000    0x0000000000000000    0x0000000000000000    0x0000000000000000    0x0000000000000000    0x0000000000000000    0x0000000000000000    0x0000000000000000    0x0000000000000000    0x0000000000000000    0x0000000000000000    0x0000000000000000    
> 0x0012   0x0000000000000000    0x0000000000000000    0x0000000000000000    0x0000000023000000    0x0000000000000000    0x0000000000000000    0x0000000000000000    0x0000000000000000    0x0000000000000000    0x0000000000000000    0x0000000000000000    0x0000000000000000    0x0000000000000000    0x0000000000000000    0x0000000000000000    0x0000000000000000    0x0000000000000000    0x0000000000000000    0x0000000000000000    0x0000000000000000    0x0000000000000000    0x0000000000000000    0x0000000000000000    0x0000000000000000    0x0000000000000000    0x0000000000000000    0x0000000000000000    0x0000000000000000    0x0000000000000000    0x0000000000000000    0x0000000000000000    0x0000000000000000    0x0000000000000000    0x0000000000000000    0x0000000000000000    0x0000000000000000    0x0000000000000000    0x0000000000000000    0x0000000000000000    0x0000000000000000    0x0000000000000000    0x0000000000000000    0x0000000000000000    0x0000000000000000    0x0000000000000000    0x0000000000000000    0x0000000000000000    0x0000000000000000    
*** Output data verification. FAILED! ***
INFO: [SIM 1] CSim done with 0 errors.
INFO: [SIM 3] *************** CSIM finish ***************
