================================================================
  Vivado(TM) HLS - High-Level Synthesis from C, C++ and SystemC
  Version 2016.4
  Build 1733598 on Wed Dec 14 22:59:20 MST 2016
  Copyright (C) 1986-2016 Xilinx, Inc. All Rights Reserved.
================================================================
INFO: [HLS 200-10] Running '/opt/Xilinx/Vivado_HLS/2016.4/bin/unwrapped/lnx64.o/vivado_hls'
INFO: [HLS 200-10] For user 'psiddire' on host 'pcminn34.cern.ch' (Linux_x86_64 version 2.6.32-754.14.2.el6.x86_64) on Thu May 23 22:52:12 CEST 2019
INFO: [HLS 200-10] On os "Scientific Linux CERN SLC release 6.10 (Carbon)"
INFO: [HLS 200-10] In directory '/afs/cern.ch/user/p/psiddire/CMSSW_10_2_2/src/CMSPhase2BCP/vivado_hls'
INFO: [HLS 200-10] Opening and resetting project '/afs/cern.ch/user/p/psiddire/CMSSW_10_2_2/src/CMSPhase2BCP/vivado_hls/proj'.
INFO: [HLS 200-10] Adding design file 'src/algo_unpacked.cpp' to the project
INFO: [HLS 200-10] Adding design file 'src/TPG.cc' to the project
INFO: [HLS 200-10] Adding test bench file 'src/algo_unpacked_tb.cpp' to the project
INFO: [HLS 200-10] Adding test bench file 'data/test1_inp.txt' to the project
INFO: [HLS 200-10] Adding test bench file 'data/test1_out_ref.txt' to the project
INFO: [HLS 200-10] Adding test bench file 'data/test2_inp.txt' to the project
INFO: [HLS 200-10] Adding test bench file 'data/test2_out_ref.txt' to the project
INFO: [HLS 200-10] Adding test bench file 'data/rnd_inp.txt' to the project
INFO: [HLS 200-10] Adding test bench file 'data/rnd_out_ref.txt' to the project
INFO: [HLS 200-10] Opening and resetting solution '/afs/cern.ch/user/p/psiddire/CMSSW_10_2_2/src/CMSPhase2BCP/vivado_hls/proj/solution1'.
INFO: [HLS 200-10] Cleaning up the solution database.
INFO: [HLS 200-10] Setting target device to 'xc7vx690tffg1927-2'
INFO: [SYN 201-201] Setting up clock 'default' with a period of 8.33333ns.
***** C SIMULATION *****
INFO: [SIM 211-2] *************** CSIM start ***************
INFO: [SIM 211-4] CSIM will launch GCC as the compiler.
   Compiling ../../../../src/algo_unpacked_tb.cpp in debug mode
   Compiling ../../../../src/TPG.cc in debug mode
   Compiling ../../../../src/algo_unpacked.cpp in debug mode
   Generating csim.exe
Error opening input file: ../data/test2_inp.txt
@E Simulation failed: Function 'main' returns nonzero value '1'.
ERROR: [SIM 211-100] 'csim_design' failed: nonzero return value.
INFO: [SIM 211-3] *************** CSIM finish ***************
4
    while executing
"source [lindex $::argv 1] "
    ("uplevel" body line 1)
    invoked from within
"uplevel \#0 { source [lindex $::argv 1] } "

