================================================================
  Vivado(TM) HLS - High-Level Synthesis from C, C++ and SystemC
  Version 2016.4
  Build 1733598 on Wed Dec 14 22:59:20 MST 2016
  Copyright (C) 1986-2016 Xilinx, Inc. All Rights Reserved.
================================================================
INFO: [HLS 200-10] Running '/opt/Xilinx/Vivado_HLS/2016.4/bin/unwrapped/lnx64.o/vivado_hls'
INFO: [HLS 200-10] For user 'psiddire' on host 'pcminn34.cern.ch' (Linux_x86_64 version 2.6.32-754.14.2.el6.x86_64) on Thu May 23 22:55:08 CEST 2019
INFO: [HLS 200-10] On os "Scientific Linux CERN SLC release 6.10 (Carbon)"
INFO: [HLS 200-10] In directory '/afs/cern.ch/user/p/psiddire/CMSSW_10_2_2/src/CMSPhase2BCP/vivado_hls/src'
INFO: [HLS 200-10] Opening and resetting project '/afs/cern.ch/user/p/psiddire/CMSSW_10_2_2/src/CMSPhase2BCP/vivado_hls/src/proj'.
./sources.tcl can't be opened.
couldn't read file "./sources.tcl": no such file or directory
    while executing
"source "./sources.tcl""
    (file "../run_hls.tcl" line 30)
    invoked from within
"source [lindex $::argv 1] "
    ("uplevel" body line 1)
    invoked from within
"uplevel \#0 { source [lindex $::argv 1] } "

